<?xml version="1.0" encoding="UTF-8"?>
<!-- Generated by org.testng.reporters.JUnitReportReporter -->
<testsuite hostname="wendy-PC" failures="0" tests="9" name="com.mzl.homework01.ToolsNGTest" time="0.017" errors="0" timestamp="22 10月 2017 05:18:30 GMT" skipped="0">
  <testcase classname="com.mzl.homework01.ToolsNGTest" name="testIsMatch" time="0.001"/>
  <testcase classname="com.mzl.homework01.ToolsNGTest" name="testToBinary" time="0.001"/>
  <testcase classname="com.mzl.homework01.ToolsNGTest" name="testToOctal" time="0.001"/>
  <testcase classname="com.mzl.homework01.ToolsNGTest" name="testToChar" time="0.001"/>
  <testcase classname="com.mzl.homework01.ToolsNGTest" name="testIsMatch" time="0.001"/>
  <testcase classname="com.mzl.homework01.ToolsNGTest" name="testIsMatch" time="0.001"/>
  <testcase classname="com.mzl.homework01.ToolsNGTest" name="testIsMatch" time="0.009"/>
  <testcase classname="com.mzl.homework01.ToolsNGTest" name="testToOther" time="0.001"/>
  <testcase classname="com.mzl.homework01.ToolsNGTest" name="testToHexadecimal" time="0.001"/>
</testsuite> <!-- com.mzl.homework01.ToolsNGTest -->
